<?xml version="1.0" encoding="UTF-8"?>
<testng-results ignored="0" total="1" passed="1" failed="0" skipped="0">
  <reporter-output>
  </reporter-output>
  <suite started-at="2022-12-11T23:21:52 CET" name="Default suite" finished-at="2022-12-11T23:22:03 CET" duration-ms="10621">
    <groups>
      <group name="cucumber">
        <method signature="AbstractTestNGCucumberTests.runScenario(io.cucumber.testng.PickleWrapper,io.cucumber.testng.FeatureWrapper)[pri:0, instance:cucumberOptions.TestNgTestRunner@6ae5aa72]" name="runScenario" class="io.cucumber.testng.AbstractTestNGCucumberTests"/>
      </group> <!-- cucumber -->
    </groups>
    <test started-at="2022-12-11T23:21:52 CET" name="Default test" finished-at="2022-12-11T23:22:03 CET" duration-ms="10621">
      <class name="cucumberOptions.TestNgTestRunner">
        <test-method is-config="true" signature="setUpClass()[pri:0, instance:cucumberOptions.TestNgTestRunner@6ae5aa72]" started-at="2022-12-11T23:21:52 CET" name="setUpClass" finished-at="2022-12-11T23:21:52 CET" duration-ms="309" status="PASS">
          <reporter-output>
          </reporter-output>
        </test-method> <!-- setUpClass -->
        <test-method signature="runScenario(io.cucumber.testng.PickleWrapper,io.cucumber.testng.FeatureWrapper)[pri:0, instance:cucumberOptions.TestNgTestRunner@6ae5aa72]" started-at="2022-12-11T23:21:52 CET" name="runScenario" description="Runs Cucumber Scenarios" data-provider="scenarios" finished-at="2022-12-11T23:22:03 CET" duration-ms="10257" status="PASS">
          <params>
            <param index="0">
              <value>
                <![CDATA["Inscription utilisateur sur le site amazon"]]>
              </value>
            </param>
            <param index="1">
              <value>
                <![CDATA["Optional[Inscription sur Amazon]"]]>
              </value>
            </param>
          </params>
          <reporter-output>
          </reporter-output>
        </test-method> <!-- runScenario -->
        <test-method is-config="true" signature="tearDownClass()[pri:0, instance:cucumberOptions.TestNgTestRunner@6ae5aa72]" started-at="2022-12-11T23:22:03 CET" name="tearDownClass" finished-at="2022-12-11T23:22:03 CET" duration-ms="14" status="PASS">
          <reporter-output>
          </reporter-output>
        </test-method> <!-- tearDownClass -->
      </class> <!-- cucumberOptions.TestNgTestRunner -->
    </test> <!-- Default test -->
  </suite> <!-- Default suite -->
</testng-results>
